I, [2022-03-07T16:47:37.609356 #16402]  INFO -- : Started GET "/goods/4/edit" for 127.0.0.1 at 2022-03-07 16:47:37 +0800
I, [2022-03-07T16:47:37.616935 #16402]  INFO -- : Processing by GoodsController#edit as HTML
I, [2022-03-07T16:47:37.617009 #16402]  INFO -- :   Parameters: {"id"=>"4"}
D, [2022-03-07T16:47:37.630468 #16402] DEBUG -- :   [1m[36mGood Load (0.5ms)[0m  [1mSELECT  `goods`.* FROM `goods` WHERE `goods`.`id` = 4 LIMIT 1[0m
I, [2022-03-07T16:47:37.648850 #16402]  INFO -- :   Rendered goods/_form.html.erb (4.5ms)
I, [2022-03-07T16:47:37.649154 #16402]  INFO -- :   Rendered goods/edit.html.erb within layouts/a (6.2ms)
I, [2022-03-07T16:47:37.649758 #16402]  INFO -- : Completed 200 OK in 33ms (Views: 13.4ms | ActiveRecord: 1.5ms)
I, [2022-03-07T16:47:37.694413 #16402]  INFO -- : Started GET "/stylesheets/application.css" for 127.0.0.1 at 2022-03-07 16:47:37 +0800
F, [2022-03-07T16:47:37.695158 #16402] FATAL -- : 
ActionController::RoutingError (No route matches [GET] "/stylesheets/application.css"):
  actionpack (4.2.8) lib/action_dispatch/middleware/debug_exceptions.rb:21:in `call'
  actionpack (4.2.8) lib/action_dispatch/middleware/show_exceptions.rb:30:in `call'
  railties (4.2.8) lib/rails/rack/logger.rb:38:in `call_app'
  railties (4.2.8) lib/rails/rack/logger.rb:20:in `block in call'
  activesupport (4.2.8) lib/active_support/tagged_logging.rb:68:in `block in tagged'
  activesupport (4.2.8) lib/active_support/tagged_logging.rb:26:in `tagged'
  activesupport (4.2.8) lib/active_support/tagged_logging.rb:68:in `tagged'
  railties (4.2.8) lib/rails/rack/logger.rb:20:in `call'
  actionpack (4.2.8) lib/action_dispatch/middleware/request_id.rb:21:in `call'
  rack (1.6.13) lib/rack/methodoverride.rb:22:in `call'
  rack (1.6.13) lib/rack/runtime.rb:18:in `call'
  activesupport (4.2.8) lib/active_support/cache/strategy/local_cache_middleware.rb:28:in `call'
  rack (1.6.13) lib/rack/sendfile.rb:113:in `call'
  railties (4.2.8) lib/rails/engine.rb:518:in `call'
  railties (4.2.8) lib/rails/application.rb:165:in `call'
  thin (1.8.1) lib/thin/connection.rb:86:in `block in pre_process'
  thin (1.8.1) lib/thin/connection.rb:84:in `catch'
  thin (1.8.1) lib/thin/connection.rb:84:in `pre_process'
  thin (1.8.1) lib/thin/connection.rb:53:in `process'
  thin (1.8.1) lib/thin/connection.rb:39:in `receive_data'
  eventmachine (1.2.7) lib/eventmachine.rb:195:in `run_machine'
  eventmachine (1.2.7) lib/eventmachine.rb:195:in `run'
  thin (1.8.1) lib/thin/backends/base.rb:75:in `start'
  thin (1.8.1) lib/thin/server.rb:162:in `start'
  thin (1.8.1) lib/thin/controllers/controller.rb:87:in `start'
  thin (1.8.1) lib/thin/runner.rb:203:in `run_command'
  thin (1.8.1) lib/thin/runner.rb:159:in `run!'
  thin (1.8.1) bin/thin:6:in `<top (required)>'
  /home/linmiao/.asdf/installs/ruby/2.5.9/bin/thin:25:in `load'
  /home/linmiao/.asdf/installs/ruby/2.5.9/bin/thin:25:in `<top (required)>'
  bundler (1.17.3) lib/bundler/cli/exec.rb:74:in `load'
  bundler (1.17.3) lib/bundler/cli/exec.rb:74:in `kernel_load'
  bundler (1.17.3) lib/bundler/cli/exec.rb:28:in `run'
  bundler (1.17.3) lib/bundler/cli.rb:463:in `exec'
  bundler (1.17.3) lib/bundler/vendor/thor/lib/thor/command.rb:27:in `run'
  bundler (1.17.3) lib/bundler/vendor/thor/lib/thor/invocation.rb:126:in `invoke_command'
  bundler (1.17.3) lib/bundler/vendor/thor/lib/thor.rb:387:in `dispatch'
  bundler (1.17.3) lib/bundler/cli.rb:27:in `dispatch'
  bundler (1.17.3) lib/bundler/vendor/thor/lib/thor/base.rb:466:in `start'
  bundler (1.17.3) lib/bundler/cli.rb:18:in `start'
  bundler (1.17.3) exe/bundle:30:in `block in <top (required)>'
  bundler (1.17.3) lib/bundler/friendly_errors.rb:124:in `with_friendly_errors'
  bundler (1.17.3) exe/bundle:22:in `<top (required)>'
  /home/linmiao/.asdf/installs/ruby/2.5.9/bin/bundle:25:in `load'
  /home/linmiao/.asdf/installs/ruby/2.5.9/bin/bundle:25:in `<main>'


I, [2022-03-07T16:47:37.696157 #16402]  INFO -- : Started GET "/javascripts/application.js" for 127.0.0.1 at 2022-03-07 16:47:37 +0800
F, [2022-03-07T16:47:37.697327 #16402] FATAL -- : 
ActionController::RoutingError (No route matches [GET] "/javascripts/application.js"):
  actionpack (4.2.8) lib/action_dispatch/middleware/debug_exceptions.rb:21:in `call'
  actionpack (4.2.8) lib/action_dispatch/middleware/show_exceptions.rb:30:in `call'
  railties (4.2.8) lib/rails/rack/logger.rb:38:in `call_app'
  railties (4.2.8) lib/rails/rack/logger.rb:20:in `block in call'
  activesupport (4.2.8) lib/active_support/tagged_logging.rb:68:in `block in tagged'
  activesupport (4.2.8) lib/active_support/tagged_logging.rb:26:in `tagged'
  activesupport (4.2.8) lib/active_support/tagged_logging.rb:68:in `tagged'
  railties (4.2.8) lib/rails/rack/logger.rb:20:in `call'
  actionpack (4.2.8) lib/action_dispatch/middleware/request_id.rb:21:in `call'
  rack (1.6.13) lib/rack/methodoverride.rb:22:in `call'
  rack (1.6.13) lib/rack/runtime.rb:18:in `call'
  activesupport (4.2.8) lib/active_support/cache/strategy/local_cache_middleware.rb:28:in `call'
  rack (1.6.13) lib/rack/sendfile.rb:113:in `call'
  railties (4.2.8) lib/rails/engine.rb:518:in `call'
  railties (4.2.8) lib/rails/application.rb:165:in `call'
  thin (1.8.1) lib/thin/connection.rb:86:in `block in pre_process'
  thin (1.8.1) lib/thin/connection.rb:84:in `catch'
  thin (1.8.1) lib/thin/connection.rb:84:in `pre_process'
  thin (1.8.1) lib/thin/connection.rb:53:in `process'
  thin (1.8.1) lib/thin/connection.rb:39:in `receive_data'
  eventmachine (1.2.7) lib/eventmachine.rb:195:in `run_machine'
  eventmachine (1.2.7) lib/eventmachine.rb:195:in `run'
  thin (1.8.1) lib/thin/backends/base.rb:75:in `start'
  thin (1.8.1) lib/thin/server.rb:162:in `start'
  thin (1.8.1) lib/thin/controllers/controller.rb:87:in `start'
  thin (1.8.1) lib/thin/runner.rb:203:in `run_command'
  thin (1.8.1) lib/thin/runner.rb:159:in `run!'
  thin (1.8.1) bin/thin:6:in `<top (required)>'
  /home/linmiao/.asdf/installs/ruby/2.5.9/bin/thin:25:in `load'
  /home/linmiao/.asdf/installs/ruby/2.5.9/bin/thin:25:in `<top (required)>'
  bundler (1.17.3) lib/bundler/cli/exec.rb:74:in `load'
  bundler (1.17.3) lib/bundler/cli/exec.rb:74:in `kernel_load'
  bundler (1.17.3) lib/bundler/cli/exec.rb:28:in `run'
  bundler (1.17.3) lib/bundler/cli.rb:463:in `exec'
  bundler (1.17.3) lib/bundler/vendor/thor/lib/thor/command.rb:27:in `run'
  bundler (1.17.3) lib/bundler/vendor/thor/lib/thor/invocation.rb:126:in `invoke_command'
  bundler (1.17.3) lib/bundler/vendor/thor/lib/thor.rb:387:in `dispatch'
  bundler (1.17.3) lib/bundler/cli.rb:27:in `dispatch'
  bundler (1.17.3) lib/bundler/vendor/thor/lib/thor/base.rb:466:in `start'
  bundler (1.17.3) lib/bundler/cli.rb:18:in `start'
  bundler (1.17.3) exe/bundle:30:in `block in <top (required)>'
  bundler (1.17.3) lib/bundler/friendly_errors.rb:124:in `with_friendly_errors'
  bundler (1.17.3) exe/bundle:22:in `<top (required)>'
  /home/linmiao/.asdf/installs/ruby/2.5.9/bin/bundle:25:in `load'
  /home/linmiao/.asdf/installs/ruby/2.5.9/bin/bundle:25:in `<main>'


I, [2022-03-08T09:17:54.291194 #4527]  INFO -- : Started GET "/" for 127.0.0.1 at 2022-03-08 09:17:54 +0800
F, [2022-03-08T09:17:54.295149 #4527] FATAL -- : 
ActionController::RoutingError (No route matches [GET] "/"):
  actionpack (4.2.8) lib/action_dispatch/middleware/debug_exceptions.rb:21:in `call'
  actionpack (4.2.8) lib/action_dispatch/middleware/show_exceptions.rb:30:in `call'
  railties (4.2.8) lib/rails/rack/logger.rb:38:in `call_app'
  railties (4.2.8) lib/rails/rack/logger.rb:20:in `block in call'
  activesupport (4.2.8) lib/active_support/tagged_logging.rb:68:in `block in tagged'
  activesupport (4.2.8) lib/active_support/tagged_logging.rb:26:in `tagged'
  activesupport (4.2.8) lib/active_support/tagged_logging.rb:68:in `tagged'
  railties (4.2.8) lib/rails/rack/logger.rb:20:in `call'
  actionpack (4.2.8) lib/action_dispatch/middleware/request_id.rb:21:in `call'
  rack (1.6.13) lib/rack/methodoverride.rb:22:in `call'
  rack (1.6.13) lib/rack/runtime.rb:18:in `call'
  activesupport (4.2.8) lib/active_support/cache/strategy/local_cache_middleware.rb:28:in `call'
  rack (1.6.13) lib/rack/sendfile.rb:113:in `call'
  railties (4.2.8) lib/rails/engine.rb:518:in `call'
  railties (4.2.8) lib/rails/application.rb:165:in `call'
  thin (1.8.1) lib/thin/connection.rb:86:in `block in pre_process'
  thin (1.8.1) lib/thin/connection.rb:84:in `catch'
  thin (1.8.1) lib/thin/connection.rb:84:in `pre_process'
  thin (1.8.1) lib/thin/connection.rb:53:in `process'
  thin (1.8.1) lib/thin/connection.rb:39:in `receive_data'
  eventmachine (1.2.7) lib/eventmachine.rb:195:in `run_machine'
  eventmachine (1.2.7) lib/eventmachine.rb:195:in `run'
  thin (1.8.1) lib/thin/backends/base.rb:75:in `start'
  thin (1.8.1) lib/thin/server.rb:162:in `start'
  thin (1.8.1) lib/thin/controllers/controller.rb:87:in `start'
  thin (1.8.1) lib/thin/runner.rb:203:in `run_command'
  thin (1.8.1) lib/thin/runner.rb:159:in `run!'
  thin (1.8.1) bin/thin:6:in `<top (required)>'
  /home/linmiao/.asdf/installs/ruby/2.5.9/bin/thin:25:in `load'
  /home/linmiao/.asdf/installs/ruby/2.5.9/bin/thin:25:in `<top (required)>'
  bundler (1.17.3) lib/bundler/cli/exec.rb:74:in `load'
  bundler (1.17.3) lib/bundler/cli/exec.rb:74:in `kernel_load'
  bundler (1.17.3) lib/bundler/cli/exec.rb:28:in `run'
  bundler (1.17.3) lib/bundler/cli.rb:463:in `exec'
  bundler (1.17.3) lib/bundler/vendor/thor/lib/thor/command.rb:27:in `run'
  bundler (1.17.3) lib/bundler/vendor/thor/lib/thor/invocation.rb:126:in `invoke_command'
  bundler (1.17.3) lib/bundler/vendor/thor/lib/thor.rb:387:in `dispatch'
  bundler (1.17.3) lib/bundler/cli.rb:27:in `dispatch'
  bundler (1.17.3) lib/bundler/vendor/thor/lib/thor/base.rb:466:in `start'
  bundler (1.17.3) lib/bundler/cli.rb:18:in `start'
  bundler (1.17.3) exe/bundle:30:in `block in <top (required)>'
  bundler (1.17.3) lib/bundler/friendly_errors.rb:124:in `with_friendly_errors'
  bundler (1.17.3) exe/bundle:22:in `<top (required)>'
  /home/linmiao/.asdf/installs/ruby/2.5.9/bin/bundle:25:in `load'
  /home/linmiao/.asdf/installs/ruby/2.5.9/bin/bundle:25:in `<main>'


I, [2022-03-08T09:17:54.360975 #4527]  INFO -- : Started GET "/favicon.ico" for 127.0.0.1 at 2022-03-08 09:17:54 +0800
F, [2022-03-08T09:17:54.362085 #4527] FATAL -- : 
ActionController::RoutingError (No route matches [GET] "/favicon.ico"):
  actionpack (4.2.8) lib/action_dispatch/middleware/debug_exceptions.rb:21:in `call'
  actionpack (4.2.8) lib/action_dispatch/middleware/show_exceptions.rb:30:in `call'
  railties (4.2.8) lib/rails/rack/logger.rb:38:in `call_app'
  railties (4.2.8) lib/rails/rack/logger.rb:20:in `block in call'
  activesupport (4.2.8) lib/active_support/tagged_logging.rb:68:in `block in tagged'
  activesupport (4.2.8) lib/active_support/tagged_logging.rb:26:in `tagged'
  activesupport (4.2.8) lib/active_support/tagged_logging.rb:68:in `tagged'
  railties (4.2.8) lib/rails/rack/logger.rb:20:in `call'
  actionpack (4.2.8) lib/action_dispatch/middleware/request_id.rb:21:in `call'
  rack (1.6.13) lib/rack/methodoverride.rb:22:in `call'
  rack (1.6.13) lib/rack/runtime.rb:18:in `call'
  activesupport (4.2.8) lib/active_support/cache/strategy/local_cache_middleware.rb:28:in `call'
  rack (1.6.13) lib/rack/sendfile.rb:113:in `call'
  railties (4.2.8) lib/rails/engine.rb:518:in `call'
  railties (4.2.8) lib/rails/application.rb:165:in `call'
  thin (1.8.1) lib/thin/connection.rb:86:in `block in pre_process'
  thin (1.8.1) lib/thin/connection.rb:84:in `catch'
  thin (1.8.1) lib/thin/connection.rb:84:in `pre_process'
  thin (1.8.1) lib/thin/connection.rb:53:in `process'
  thin (1.8.1) lib/thin/connection.rb:39:in `receive_data'
  eventmachine (1.2.7) lib/eventmachine.rb:195:in `run_machine'
  eventmachine (1.2.7) lib/eventmachine.rb:195:in `run'
  thin (1.8.1) lib/thin/backends/base.rb:75:in `start'
  thin (1.8.1) lib/thin/server.rb:162:in `start'
  thin (1.8.1) lib/thin/controllers/controller.rb:87:in `start'
  thin (1.8.1) lib/thin/runner.rb:203:in `run_command'
  thin (1.8.1) lib/thin/runner.rb:159:in `run!'
  thin (1.8.1) bin/thin:6:in `<top (required)>'
  /home/linmiao/.asdf/installs/ruby/2.5.9/bin/thin:25:in `load'
  /home/linmiao/.asdf/installs/ruby/2.5.9/bin/thin:25:in `<top (required)>'
  bundler (1.17.3) lib/bundler/cli/exec.rb:74:in `load'
  bundler (1.17.3) lib/bundler/cli/exec.rb:74:in `kernel_load'
  bundler (1.17.3) lib/bundler/cli/exec.rb:28:in `run'
  bundler (1.17.3) lib/bundler/cli.rb:463:in `exec'
  bundler (1.17.3) lib/bundler/vendor/thor/lib/thor/command.rb:27:in `run'
  bundler (1.17.3) lib/bundler/vendor/thor/lib/thor/invocation.rb:126:in `invoke_command'
  bundler (1.17.3) lib/bundler/vendor/thor/lib/thor.rb:387:in `dispatch'
  bundler (1.17.3) lib/bundler/cli.rb:27:in `dispatch'
  bundler (1.17.3) lib/bundler/vendor/thor/lib/thor/base.rb:466:in `start'
  bundler (1.17.3) lib/bundler/cli.rb:18:in `start'
  bundler (1.17.3) exe/bundle:30:in `block in <top (required)>'
  bundler (1.17.3) lib/bundler/friendly_errors.rb:124:in `with_friendly_errors'
  bundler (1.17.3) exe/bundle:22:in `<top (required)>'
  /home/linmiao/.asdf/installs/ruby/2.5.9/bin/bundle:25:in `load'
  /home/linmiao/.asdf/installs/ruby/2.5.9/bin/bundle:25:in `<main>'


I, [2022-03-08T09:18:02.272007 #4527]  INFO -- : Started GET "/goods" for 127.0.0.1 at 2022-03-08 09:18:02 +0800
I, [2022-03-08T09:18:02.274588 #4527]  INFO -- : Processing by GoodsController#index as HTML
D, [2022-03-08T09:18:02.293780 #4527] DEBUG -- :   [1m[36mGood Load (0.7ms)[0m  [1mSELECT `goods`.* FROM `goods`[0m
I, [2022-03-08T09:18:02.311110 #4527]  INFO -- :   Rendered goods/index.html.erb within layouts/a (19.6ms)
I, [2022-03-08T09:18:02.313540 #4527]  INFO -- : Completed 200 OK in 39ms (Views: 26.1ms | ActiveRecord: 2.1ms)
I, [2022-03-08T09:18:02.373741 #4527]  INFO -- : Started GET "/assets/application-9434fc5f246ca22f8ec07d7b1b7f953700458a138510e71295a0102bdb717f59.css" for 127.0.0.1 at 2022-03-08 09:18:02 +0800
F, [2022-03-08T09:18:02.374882 #4527] FATAL -- : 
ActionController::RoutingError (No route matches [GET] "/assets/application-9434fc5f246ca22f8ec07d7b1b7f953700458a138510e71295a0102bdb717f59.css"):
  actionpack (4.2.8) lib/action_dispatch/middleware/debug_exceptions.rb:21:in `call'
  actionpack (4.2.8) lib/action_dispatch/middleware/show_exceptions.rb:30:in `call'
  railties (4.2.8) lib/rails/rack/logger.rb:38:in `call_app'
  railties (4.2.8) lib/rails/rack/logger.rb:20:in `block in call'
  activesupport (4.2.8) lib/active_support/tagged_logging.rb:68:in `block in tagged'
  activesupport (4.2.8) lib/active_support/tagged_logging.rb:26:in `tagged'
  activesupport (4.2.8) lib/active_support/tagged_logging.rb:68:in `tagged'
  railties (4.2.8) lib/rails/rack/logger.rb:20:in `call'
  actionpack (4.2.8) lib/action_dispatch/middleware/request_id.rb:21:in `call'
  rack (1.6.13) lib/rack/methodoverride.rb:22:in `call'
  rack (1.6.13) lib/rack/runtime.rb:18:in `call'
  activesupport (4.2.8) lib/active_support/cache/strategy/local_cache_middleware.rb:28:in `call'
  rack (1.6.13) lib/rack/sendfile.rb:113:in `call'
  railties (4.2.8) lib/rails/engine.rb:518:in `call'
  railties (4.2.8) lib/rails/application.rb:165:in `call'
  thin (1.8.1) lib/thin/connection.rb:86:in `block in pre_process'
  thin (1.8.1) lib/thin/connection.rb:84:in `catch'
  thin (1.8.1) lib/thin/connection.rb:84:in `pre_process'
  thin (1.8.1) lib/thin/connection.rb:53:in `process'
  thin (1.8.1) lib/thin/connection.rb:39:in `receive_data'
  eventmachine (1.2.7) lib/eventmachine.rb:195:in `run_machine'
  eventmachine (1.2.7) lib/eventmachine.rb:195:in `run'
  thin (1.8.1) lib/thin/backends/base.rb:75:in `start'
  thin (1.8.1) lib/thin/server.rb:162:in `start'
  thin (1.8.1) lib/thin/controllers/controller.rb:87:in `start'
  thin (1.8.1) lib/thin/runner.rb:203:in `run_command'
  thin (1.8.1) lib/thin/runner.rb:159:in `run!'
  thin (1.8.1) bin/thin:6:in `<top (required)>'
  /home/linmiao/.asdf/installs/ruby/2.5.9/bin/thin:25:in `load'
  /home/linmiao/.asdf/installs/ruby/2.5.9/bin/thin:25:in `<top (required)>'
  bundler (1.17.3) lib/bundler/cli/exec.rb:74:in `load'
  bundler (1.17.3) lib/bundler/cli/exec.rb:74:in `kernel_load'
  bundler (1.17.3) lib/bundler/cli/exec.rb:28:in `run'
  bundler (1.17.3) lib/bundler/cli.rb:463:in `exec'
  bundler (1.17.3) lib/bundler/vendor/thor/lib/thor/command.rb:27:in `run'
  bundler (1.17.3) lib/bundler/vendor/thor/lib/thor/invocation.rb:126:in `invoke_command'
  bundler (1.17.3) lib/bundler/vendor/thor/lib/thor.rb:387:in `dispatch'
  bundler (1.17.3) lib/bundler/cli.rb:27:in `dispatch'
  bundler (1.17.3) lib/bundler/vendor/thor/lib/thor/base.rb:466:in `start'
  bundler (1.17.3) lib/bundler/cli.rb:18:in `start'
  bundler (1.17.3) exe/bundle:30:in `block in <top (required)>'
  bundler (1.17.3) lib/bundler/friendly_errors.rb:124:in `with_friendly_errors'
  bundler (1.17.3) exe/bundle:22:in `<top (required)>'
  /home/linmiao/.asdf/installs/ruby/2.5.9/bin/bundle:25:in `load'
  /home/linmiao/.asdf/installs/ruby/2.5.9/bin/bundle:25:in `<main>'


I, [2022-03-08T09:18:02.375470 #4527]  INFO -- : Started GET "/assets/application-5dad77dc864ef7095e5af200708c1afcfc1bd45e053fe9ed58866f9d5ee4dc16.js" for 127.0.0.1 at 2022-03-08 09:18:02 +0800
F, [2022-03-08T09:18:02.376339 #4527] FATAL -- : 
ActionController::RoutingError (No route matches [GET] "/assets/application-5dad77dc864ef7095e5af200708c1afcfc1bd45e053fe9ed58866f9d5ee4dc16.js"):
  actionpack (4.2.8) lib/action_dispatch/middleware/debug_exceptions.rb:21:in `call'
  actionpack (4.2.8) lib/action_dispatch/middleware/show_exceptions.rb:30:in `call'
  railties (4.2.8) lib/rails/rack/logger.rb:38:in `call_app'
  railties (4.2.8) lib/rails/rack/logger.rb:20:in `block in call'
  activesupport (4.2.8) lib/active_support/tagged_logging.rb:68:in `block in tagged'
  activesupport (4.2.8) lib/active_support/tagged_logging.rb:26:in `tagged'
  activesupport (4.2.8) lib/active_support/tagged_logging.rb:68:in `tagged'
  railties (4.2.8) lib/rails/rack/logger.rb:20:in `call'
  actionpack (4.2.8) lib/action_dispatch/middleware/request_id.rb:21:in `call'
  rack (1.6.13) lib/rack/methodoverride.rb:22:in `call'
  rack (1.6.13) lib/rack/runtime.rb:18:in `call'
  activesupport (4.2.8) lib/active_support/cache/strategy/local_cache_middleware.rb:28:in `call'
  rack (1.6.13) lib/rack/sendfile.rb:113:in `call'
  railties (4.2.8) lib/rails/engine.rb:518:in `call'
  railties (4.2.8) lib/rails/application.rb:165:in `call'
  thin (1.8.1) lib/thin/connection.rb:86:in `block in pre_process'
  thin (1.8.1) lib/thin/connection.rb:84:in `catch'
  thin (1.8.1) lib/thin/connection.rb:84:in `pre_process'
  thin (1.8.1) lib/thin/connection.rb:53:in `process'
  thin (1.8.1) lib/thin/connection.rb:39:in `receive_data'
  eventmachine (1.2.7) lib/eventmachine.rb:195:in `run_machine'
  eventmachine (1.2.7) lib/eventmachine.rb:195:in `run'
  thin (1.8.1) lib/thin/backends/base.rb:75:in `start'
  thin (1.8.1) lib/thin/server.rb:162:in `start'
  thin (1.8.1) lib/thin/controllers/controller.rb:87:in `start'
  thin (1.8.1) lib/thin/runner.rb:203:in `run_command'
  thin (1.8.1) lib/thin/runner.rb:159:in `run!'
  thin (1.8.1) bin/thin:6:in `<top (required)>'
  /home/linmiao/.asdf/installs/ruby/2.5.9/bin/thin:25:in `load'
  /home/linmiao/.asdf/installs/ruby/2.5.9/bin/thin:25:in `<top (required)>'
  bundler (1.17.3) lib/bundler/cli/exec.rb:74:in `load'
  bundler (1.17.3) lib/bundler/cli/exec.rb:74:in `kernel_load'
  bundler (1.17.3) lib/bundler/cli/exec.rb:28:in `run'
  bundler (1.17.3) lib/bundler/cli.rb:463:in `exec'
  bundler (1.17.3) lib/bundler/vendor/thor/lib/thor/command.rb:27:in `run'
  bundler (1.17.3) lib/bundler/vendor/thor/lib/thor/invocation.rb:126:in `invoke_command'
  bundler (1.17.3) lib/bundler/vendor/thor/lib/thor.rb:387:in `dispatch'
  bundler (1.17.3) lib/bundler/cli.rb:27:in `dispatch'
  bundler (1.17.3) lib/bundler/vendor/thor/lib/thor/base.rb:466:in `start'
  bundler (1.17.3) lib/bundler/cli.rb:18:in `start'
  bundler (1.17.3) exe/bundle:30:in `block in <top (required)>'
  bundler (1.17.3) lib/bundler/friendly_errors.rb:124:in `with_friendly_errors'
  bundler (1.17.3) exe/bundle:22:in `<top (required)>'
  /home/linmiao/.asdf/installs/ruby/2.5.9/bin/bundle:25:in `load'
  /home/linmiao/.asdf/installs/ruby/2.5.9/bin/bundle:25:in `<main>'


I, [2022-03-08T16:42:29.213083 #4527]  INFO -- : Started GET "/goods" for 127.0.0.1 at 2022-03-08 16:42:29 +0800
I, [2022-03-08T16:42:29.214231 #4527]  INFO -- : Processing by GoodsController#index as HTML
D, [2022-03-08T16:42:29.215365 #4527] DEBUG -- :   [1m[35mGood Load (0.3ms)[0m  SELECT `goods`.* FROM `goods`
I, [2022-03-08T16:42:29.218052 #4527]  INFO -- :   Rendered goods/index.html.erb within layouts/a (3.2ms)
I, [2022-03-08T16:42:29.218473 #4527]  INFO -- : Completed 200 OK in 4ms (Views: 3.5ms | ActiveRecord: 0.3ms)
I, [2022-03-08T16:42:29.248241 #4527]  INFO -- : Started GET "/assets/application-9434fc5f246ca22f8ec07d7b1b7f953700458a138510e71295a0102bdb717f59.css" for 127.0.0.1 at 2022-03-08 16:42:29 +0800
F, [2022-03-08T16:42:29.249435 #4527] FATAL -- : 
ActionController::RoutingError (No route matches [GET] "/assets/application-9434fc5f246ca22f8ec07d7b1b7f953700458a138510e71295a0102bdb717f59.css"):
  actionpack (4.2.8) lib/action_dispatch/middleware/debug_exceptions.rb:21:in `call'
  actionpack (4.2.8) lib/action_dispatch/middleware/show_exceptions.rb:30:in `call'
  railties (4.2.8) lib/rails/rack/logger.rb:38:in `call_app'
  railties (4.2.8) lib/rails/rack/logger.rb:20:in `block in call'
  activesupport (4.2.8) lib/active_support/tagged_logging.rb:68:in `block in tagged'
  activesupport (4.2.8) lib/active_support/tagged_logging.rb:26:in `tagged'
  activesupport (4.2.8) lib/active_support/tagged_logging.rb:68:in `tagged'
  railties (4.2.8) lib/rails/rack/logger.rb:20:in `call'
  actionpack (4.2.8) lib/action_dispatch/middleware/request_id.rb:21:in `call'
  rack (1.6.13) lib/rack/methodoverride.rb:22:in `call'
  rack (1.6.13) lib/rack/runtime.rb:18:in `call'
  activesupport (4.2.8) lib/active_support/cache/strategy/local_cache_middleware.rb:28:in `call'
  rack (1.6.13) lib/rack/sendfile.rb:113:in `call'
  railties (4.2.8) lib/rails/engine.rb:518:in `call'
  railties (4.2.8) lib/rails/application.rb:165:in `call'
  thin (1.8.1) lib/thin/connection.rb:86:in `block in pre_process'
  thin (1.8.1) lib/thin/connection.rb:84:in `catch'
  thin (1.8.1) lib/thin/connection.rb:84:in `pre_process'
  thin (1.8.1) lib/thin/connection.rb:53:in `process'
  thin (1.8.1) lib/thin/connection.rb:39:in `receive_data'
  eventmachine (1.2.7) lib/eventmachine.rb:195:in `run_machine'
  eventmachine (1.2.7) lib/eventmachine.rb:195:in `run'
  thin (1.8.1) lib/thin/backends/base.rb:75:in `start'
  thin (1.8.1) lib/thin/server.rb:162:in `start'
  thin (1.8.1) lib/thin/controllers/controller.rb:87:in `start'
  thin (1.8.1) lib/thin/runner.rb:203:in `run_command'
  thin (1.8.1) lib/thin/runner.rb:159:in `run!'
  thin (1.8.1) bin/thin:6:in `<top (required)>'
  /home/linmiao/.asdf/installs/ruby/2.5.9/bin/thin:25:in `load'
  /home/linmiao/.asdf/installs/ruby/2.5.9/bin/thin:25:in `<top (required)>'
  bundler (1.17.3) lib/bundler/cli/exec.rb:74:in `load'
  bundler (1.17.3) lib/bundler/cli/exec.rb:74:in `kernel_load'
  bundler (1.17.3) lib/bundler/cli/exec.rb:28:in `run'
  bundler (1.17.3) lib/bundler/cli.rb:463:in `exec'
  bundler (1.17.3) lib/bundler/vendor/thor/lib/thor/command.rb:27:in `run'
  bundler (1.17.3) lib/bundler/vendor/thor/lib/thor/invocation.rb:126:in `invoke_command'
  bundler (1.17.3) lib/bundler/vendor/thor/lib/thor.rb:387:in `dispatch'
  bundler (1.17.3) lib/bundler/cli.rb:27:in `dispatch'
  bundler (1.17.3) lib/bundler/vendor/thor/lib/thor/base.rb:466:in `start'
  bundler (1.17.3) lib/bundler/cli.rb:18:in `start'
  bundler (1.17.3) exe/bundle:30:in `block in <top (required)>'
  bundler (1.17.3) lib/bundler/friendly_errors.rb:124:in `with_friendly_errors'
  bundler (1.17.3) exe/bundle:22:in `<top (required)>'
  /home/linmiao/.asdf/installs/ruby/2.5.9/bin/bundle:25:in `load'
  /home/linmiao/.asdf/installs/ruby/2.5.9/bin/bundle:25:in `<main>'


I, [2022-03-08T16:42:29.250200 #4527]  INFO -- : Started GET "/assets/application-5dad77dc864ef7095e5af200708c1afcfc1bd45e053fe9ed58866f9d5ee4dc16.js" for 127.0.0.1 at 2022-03-08 16:42:29 +0800
F, [2022-03-08T16:42:29.250937 #4527] FATAL -- : 
ActionController::RoutingError (No route matches [GET] "/assets/application-5dad77dc864ef7095e5af200708c1afcfc1bd45e053fe9ed58866f9d5ee4dc16.js"):
  actionpack (4.2.8) lib/action_dispatch/middleware/debug_exceptions.rb:21:in `call'
  actionpack (4.2.8) lib/action_dispatch/middleware/show_exceptions.rb:30:in `call'
  railties (4.2.8) lib/rails/rack/logger.rb:38:in `call_app'
  railties (4.2.8) lib/rails/rack/logger.rb:20:in `block in call'
  activesupport (4.2.8) lib/active_support/tagged_logging.rb:68:in `block in tagged'
  activesupport (4.2.8) lib/active_support/tagged_logging.rb:26:in `tagged'
  activesupport (4.2.8) lib/active_support/tagged_logging.rb:68:in `tagged'
  railties (4.2.8) lib/rails/rack/logger.rb:20:in `call'
  actionpack (4.2.8) lib/action_dispatch/middleware/request_id.rb:21:in `call'
  rack (1.6.13) lib/rack/methodoverride.rb:22:in `call'
  rack (1.6.13) lib/rack/runtime.rb:18:in `call'
  activesupport (4.2.8) lib/active_support/cache/strategy/local_cache_middleware.rb:28:in `call'
  rack (1.6.13) lib/rack/sendfile.rb:113:in `call'
  railties (4.2.8) lib/rails/engine.rb:518:in `call'
  railties (4.2.8) lib/rails/application.rb:165:in `call'
  thin (1.8.1) lib/thin/connection.rb:86:in `block in pre_process'
  thin (1.8.1) lib/thin/connection.rb:84:in `catch'
  thin (1.8.1) lib/thin/connection.rb:84:in `pre_process'
  thin (1.8.1) lib/thin/connection.rb:53:in `process'
  thin (1.8.1) lib/thin/connection.rb:39:in `receive_data'
  eventmachine (1.2.7) lib/eventmachine.rb:195:in `run_machine'
  eventmachine (1.2.7) lib/eventmachine.rb:195:in `run'
  thin (1.8.1) lib/thin/backends/base.rb:75:in `start'
  thin (1.8.1) lib/thin/server.rb:162:in `start'
  thin (1.8.1) lib/thin/controllers/controller.rb:87:in `start'
  thin (1.8.1) lib/thin/runner.rb:203:in `run_command'
  thin (1.8.1) lib/thin/runner.rb:159:in `run!'
  thin (1.8.1) bin/thin:6:in `<top (required)>'
  /home/linmiao/.asdf/installs/ruby/2.5.9/bin/thin:25:in `load'
  /home/linmiao/.asdf/installs/ruby/2.5.9/bin/thin:25:in `<top (required)>'
  bundler (1.17.3) lib/bundler/cli/exec.rb:74:in `load'
  bundler (1.17.3) lib/bundler/cli/exec.rb:74:in `kernel_load'
  bundler (1.17.3) lib/bundler/cli/exec.rb:28:in `run'
  bundler (1.17.3) lib/bundler/cli.rb:463:in `exec'
  bundler (1.17.3) lib/bundler/vendor/thor/lib/thor/command.rb:27:in `run'
  bundler (1.17.3) lib/bundler/vendor/thor/lib/thor/invocation.rb:126:in `invoke_command'
  bundler (1.17.3) lib/bundler/vendor/thor/lib/thor.rb:387:in `dispatch'
  bundler (1.17.3) lib/bundler/cli.rb:27:in `dispatch'
  bundler (1.17.3) lib/bundler/vendor/thor/lib/thor/base.rb:466:in `start'
  bundler (1.17.3) lib/bundler/cli.rb:18:in `start'
  bundler (1.17.3) exe/bundle:30:in `block in <top (required)>'
  bundler (1.17.3) lib/bundler/friendly_errors.rb:124:in `with_friendly_errors'
  bundler (1.17.3) exe/bundle:22:in `<top (required)>'
  /home/linmiao/.asdf/installs/ruby/2.5.9/bin/bundle:25:in `load'
  /home/linmiao/.asdf/installs/ruby/2.5.9/bin/bundle:25:in `<main>'


I, [2022-03-08T16:42:30.168053 #4527]  INFO -- : Started GET "/goods" for 127.0.0.1 at 2022-03-08 16:42:30 +0800
I, [2022-03-08T16:42:30.169589 #4527]  INFO -- : Processing by GoodsController#index as HTML
D, [2022-03-08T16:42:30.171255 #4527] DEBUG -- :   [1m[36mGood Load (0.3ms)[0m  [1mSELECT `goods`.* FROM `goods`[0m
I, [2022-03-08T16:42:30.174283 #4527]  INFO -- :   Rendered goods/index.html.erb within layouts/a (3.5ms)
I, [2022-03-08T16:42:30.174720 #4527]  INFO -- : Completed 200 OK in 5ms (Views: 3.9ms | ActiveRecord: 0.3ms)
I, [2022-03-08T16:42:30.230027 #4527]  INFO -- : Started GET "/assets/application-9434fc5f246ca22f8ec07d7b1b7f953700458a138510e71295a0102bdb717f59.css" for 127.0.0.1 at 2022-03-08 16:42:30 +0800
F, [2022-03-08T16:42:30.231237 #4527] FATAL -- : 
ActionController::RoutingError (No route matches [GET] "/assets/application-9434fc5f246ca22f8ec07d7b1b7f953700458a138510e71295a0102bdb717f59.css"):
  actionpack (4.2.8) lib/action_dispatch/middleware/debug_exceptions.rb:21:in `call'
  actionpack (4.2.8) lib/action_dispatch/middleware/show_exceptions.rb:30:in `call'
  railties (4.2.8) lib/rails/rack/logger.rb:38:in `call_app'
  railties (4.2.8) lib/rails/rack/logger.rb:20:in `block in call'
  activesupport (4.2.8) lib/active_support/tagged_logging.rb:68:in `block in tagged'
  activesupport (4.2.8) lib/active_support/tagged_logging.rb:26:in `tagged'
  activesupport (4.2.8) lib/active_support/tagged_logging.rb:68:in `tagged'
  railties (4.2.8) lib/rails/rack/logger.rb:20:in `call'
  actionpack (4.2.8) lib/action_dispatch/middleware/request_id.rb:21:in `call'
  rack (1.6.13) lib/rack/methodoverride.rb:22:in `call'
  rack (1.6.13) lib/rack/runtime.rb:18:in `call'
  activesupport (4.2.8) lib/active_support/cache/strategy/local_cache_middleware.rb:28:in `call'
  rack (1.6.13) lib/rack/sendfile.rb:113:in `call'
  railties (4.2.8) lib/rails/engine.rb:518:in `call'
  railties (4.2.8) lib/rails/application.rb:165:in `call'
  thin (1.8.1) lib/thin/connection.rb:86:in `block in pre_process'
  thin (1.8.1) lib/thin/connection.rb:84:in `catch'
  thin (1.8.1) lib/thin/connection.rb:84:in `pre_process'
  thin (1.8.1) lib/thin/connection.rb:53:in `process'
  thin (1.8.1) lib/thin/connection.rb:39:in `receive_data'
  eventmachine (1.2.7) lib/eventmachine.rb:195:in `run_machine'
  eventmachine (1.2.7) lib/eventmachine.rb:195:in `run'
  thin (1.8.1) lib/thin/backends/base.rb:75:in `start'
  thin (1.8.1) lib/thin/server.rb:162:in `start'
  thin (1.8.1) lib/thin/controllers/controller.rb:87:in `start'
  thin (1.8.1) lib/thin/runner.rb:203:in `run_command'
  thin (1.8.1) lib/thin/runner.rb:159:in `run!'
  thin (1.8.1) bin/thin:6:in `<top (required)>'
  /home/linmiao/.asdf/installs/ruby/2.5.9/bin/thin:25:in `load'
  /home/linmiao/.asdf/installs/ruby/2.5.9/bin/thin:25:in `<top (required)>'
  bundler (1.17.3) lib/bundler/cli/exec.rb:74:in `load'
  bundler (1.17.3) lib/bundler/cli/exec.rb:74:in `kernel_load'
  bundler (1.17.3) lib/bundler/cli/exec.rb:28:in `run'
  bundler (1.17.3) lib/bundler/cli.rb:463:in `exec'
  bundler (1.17.3) lib/bundler/vendor/thor/lib/thor/command.rb:27:in `run'
  bundler (1.17.3) lib/bundler/vendor/thor/lib/thor/invocation.rb:126:in `invoke_command'
  bundler (1.17.3) lib/bundler/vendor/thor/lib/thor.rb:387:in `dispatch'
  bundler (1.17.3) lib/bundler/cli.rb:27:in `dispatch'
  bundler (1.17.3) lib/bundler/vendor/thor/lib/thor/base.rb:466:in `start'
  bundler (1.17.3) lib/bundler/cli.rb:18:in `start'
  bundler (1.17.3) exe/bundle:30:in `block in <top (required)>'
  bundler (1.17.3) lib/bundler/friendly_errors.rb:124:in `with_friendly_errors'
  bundler (1.17.3) exe/bundle:22:in `<top (required)>'
  /home/linmiao/.asdf/installs/ruby/2.5.9/bin/bundle:25:in `load'
  /home/linmiao/.asdf/installs/ruby/2.5.9/bin/bundle:25:in `<main>'


I, [2022-03-08T16:42:30.232120 #4527]  INFO -- : Started GET "/assets/application-5dad77dc864ef7095e5af200708c1afcfc1bd45e053fe9ed58866f9d5ee4dc16.js" for 127.0.0.1 at 2022-03-08 16:42:30 +0800
F, [2022-03-08T16:42:30.233402 #4527] FATAL -- : 
ActionController::RoutingError (No route matches [GET] "/assets/application-5dad77dc864ef7095e5af200708c1afcfc1bd45e053fe9ed58866f9d5ee4dc16.js"):
  actionpack (4.2.8) lib/action_dispatch/middleware/debug_exceptions.rb:21:in `call'
  actionpack (4.2.8) lib/action_dispatch/middleware/show_exceptions.rb:30:in `call'
  railties (4.2.8) lib/rails/rack/logger.rb:38:in `call_app'
  railties (4.2.8) lib/rails/rack/logger.rb:20:in `block in call'
  activesupport (4.2.8) lib/active_support/tagged_logging.rb:68:in `block in tagged'
  activesupport (4.2.8) lib/active_support/tagged_logging.rb:26:in `tagged'
  activesupport (4.2.8) lib/active_support/tagged_logging.rb:68:in `tagged'
  railties (4.2.8) lib/rails/rack/logger.rb:20:in `call'
  actionpack (4.2.8) lib/action_dispatch/middleware/request_id.rb:21:in `call'
  rack (1.6.13) lib/rack/methodoverride.rb:22:in `call'
  rack (1.6.13) lib/rack/runtime.rb:18:in `call'
  activesupport (4.2.8) lib/active_support/cache/strategy/local_cache_middleware.rb:28:in `call'
  rack (1.6.13) lib/rack/sendfile.rb:113:in `call'
  railties (4.2.8) lib/rails/engine.rb:518:in `call'
  railties (4.2.8) lib/rails/application.rb:165:in `call'
  thin (1.8.1) lib/thin/connection.rb:86:in `block in pre_process'
  thin (1.8.1) lib/thin/connection.rb:84:in `catch'
  thin (1.8.1) lib/thin/connection.rb:84:in `pre_process'
  thin (1.8.1) lib/thin/connection.rb:53:in `process'
  thin (1.8.1) lib/thin/connection.rb:39:in `receive_data'
  eventmachine (1.2.7) lib/eventmachine.rb:195:in `run_machine'
  eventmachine (1.2.7) lib/eventmachine.rb:195:in `run'
  thin (1.8.1) lib/thin/backends/base.rb:75:in `start'
  thin (1.8.1) lib/thin/server.rb:162:in `start'
  thin (1.8.1) lib/thin/controllers/controller.rb:87:in `start'
  thin (1.8.1) lib/thin/runner.rb:203:in `run_command'
  thin (1.8.1) lib/thin/runner.rb:159:in `run!'
  thin (1.8.1) bin/thin:6:in `<top (required)>'
  /home/linmiao/.asdf/installs/ruby/2.5.9/bin/thin:25:in `load'
  /home/linmiao/.asdf/installs/ruby/2.5.9/bin/thin:25:in `<top (required)>'
  bundler (1.17.3) lib/bundler/cli/exec.rb:74:in `load'
  bundler (1.17.3) lib/bundler/cli/exec.rb:74:in `kernel_load'
  bundler (1.17.3) lib/bundler/cli/exec.rb:28:in `run'
  bundler (1.17.3) lib/bundler/cli.rb:463:in `exec'
  bundler (1.17.3) lib/bundler/vendor/thor/lib/thor/command.rb:27:in `run'
  bundler (1.17.3) lib/bundler/vendor/thor/lib/thor/invocation.rb:126:in `invoke_command'
  bundler (1.17.3) lib/bundler/vendor/thor/lib/thor.rb:387:in `dispatch'
  bundler (1.17.3) lib/bundler/cli.rb:27:in `dispatch'
  bundler (1.17.3) lib/bundler/vendor/thor/lib/thor/base.rb:466:in `start'
  bundler (1.17.3) lib/bundler/cli.rb:18:in `start'
  bundler (1.17.3) exe/bundle:30:in `block in <top (required)>'
  bundler (1.17.3) lib/bundler/friendly_errors.rb:124:in `with_friendly_errors'
  bundler (1.17.3) exe/bundle:22:in `<top (required)>'
  /home/linmiao/.asdf/installs/ruby/2.5.9/bin/bundle:25:in `load'
  /home/linmiao/.asdf/installs/ruby/2.5.9/bin/bundle:25:in `<main>'


I, [2022-03-08T16:42:31.050780 #4527]  INFO -- : Started GET "/goods" for 127.0.0.1 at 2022-03-08 16:42:31 +0800
I, [2022-03-08T16:42:31.051403 #4527]  INFO -- : Processing by GoodsController#index as HTML
D, [2022-03-08T16:42:31.052105 #4527] DEBUG -- :   [1m[35mGood Load (0.2ms)[0m  SELECT `goods`.* FROM `goods`
I, [2022-03-08T16:42:31.054103 #4527]  INFO -- :   Rendered goods/index.html.erb within layouts/a (2.3ms)
I, [2022-03-08T16:42:31.054537 #4527]  INFO -- : Completed 200 OK in 3ms (Views: 2.6ms | ActiveRecord: 0.2ms)
I, [2022-03-08T16:42:31.074674 #4527]  INFO -- : Started GET "/assets/application-9434fc5f246ca22f8ec07d7b1b7f953700458a138510e71295a0102bdb717f59.css" for 127.0.0.1 at 2022-03-08 16:42:31 +0800
F, [2022-03-08T16:42:31.075501 #4527] FATAL -- : 
ActionController::RoutingError (No route matches [GET] "/assets/application-9434fc5f246ca22f8ec07d7b1b7f953700458a138510e71295a0102bdb717f59.css"):
  actionpack (4.2.8) lib/action_dispatch/middleware/debug_exceptions.rb:21:in `call'
  actionpack (4.2.8) lib/action_dispatch/middleware/show_exceptions.rb:30:in `call'
  railties (4.2.8) lib/rails/rack/logger.rb:38:in `call_app'
  railties (4.2.8) lib/rails/rack/logger.rb:20:in `block in call'
  activesupport (4.2.8) lib/active_support/tagged_logging.rb:68:in `block in tagged'
  activesupport (4.2.8) lib/active_support/tagged_logging.rb:26:in `tagged'
  activesupport (4.2.8) lib/active_support/tagged_logging.rb:68:in `tagged'
  railties (4.2.8) lib/rails/rack/logger.rb:20:in `call'
  actionpack (4.2.8) lib/action_dispatch/middleware/request_id.rb:21:in `call'
  rack (1.6.13) lib/rack/methodoverride.rb:22:in `call'
  rack (1.6.13) lib/rack/runtime.rb:18:in `call'
  activesupport (4.2.8) lib/active_support/cache/strategy/local_cache_middleware.rb:28:in `call'
  rack (1.6.13) lib/rack/sendfile.rb:113:in `call'
  railties (4.2.8) lib/rails/engine.rb:518:in `call'
  railties (4.2.8) lib/rails/application.rb:165:in `call'
  thin (1.8.1) lib/thin/connection.rb:86:in `block in pre_process'
  thin (1.8.1) lib/thin/connection.rb:84:in `catch'
  thin (1.8.1) lib/thin/connection.rb:84:in `pre_process'
  thin (1.8.1) lib/thin/connection.rb:53:in `process'
  thin (1.8.1) lib/thin/connection.rb:39:in `receive_data'
  eventmachine (1.2.7) lib/eventmachine.rb:195:in `run_machine'
  eventmachine (1.2.7) lib/eventmachine.rb:195:in `run'
  thin (1.8.1) lib/thin/backends/base.rb:75:in `start'
  thin (1.8.1) lib/thin/server.rb:162:in `start'
  thin (1.8.1) lib/thin/controllers/controller.rb:87:in `start'
  thin (1.8.1) lib/thin/runner.rb:203:in `run_command'
  thin (1.8.1) lib/thin/runner.rb:159:in `run!'
  thin (1.8.1) bin/thin:6:in `<top (required)>'
  /home/linmiao/.asdf/installs/ruby/2.5.9/bin/thin:25:in `load'
  /home/linmiao/.asdf/installs/ruby/2.5.9/bin/thin:25:in `<top (required)>'
  bundler (1.17.3) lib/bundler/cli/exec.rb:74:in `load'
  bundler (1.17.3) lib/bundler/cli/exec.rb:74:in `kernel_load'
  bundler (1.17.3) lib/bundler/cli/exec.rb:28:in `run'
  bundler (1.17.3) lib/bundler/cli.rb:463:in `exec'
  bundler (1.17.3) lib/bundler/vendor/thor/lib/thor/command.rb:27:in `run'
  bundler (1.17.3) lib/bundler/vendor/thor/lib/thor/invocation.rb:126:in `invoke_command'
  bundler (1.17.3) lib/bundler/vendor/thor/lib/thor.rb:387:in `dispatch'
  bundler (1.17.3) lib/bundler/cli.rb:27:in `dispatch'
  bundler (1.17.3) lib/bundler/vendor/thor/lib/thor/base.rb:466:in `start'
  bundler (1.17.3) lib/bundler/cli.rb:18:in `start'
  bundler (1.17.3) exe/bundle:30:in `block in <top (required)>'
  bundler (1.17.3) lib/bundler/friendly_errors.rb:124:in `with_friendly_errors'
  bundler (1.17.3) exe/bundle:22:in `<top (required)>'
  /home/linmiao/.asdf/installs/ruby/2.5.9/bin/bundle:25:in `load'
  /home/linmiao/.asdf/installs/ruby/2.5.9/bin/bundle:25:in `<main>'


I, [2022-03-08T16:42:31.076008 #4527]  INFO -- : Started GET "/assets/application-5dad77dc864ef7095e5af200708c1afcfc1bd45e053fe9ed58866f9d5ee4dc16.js" for 127.0.0.1 at 2022-03-08 16:42:31 +0800
F, [2022-03-08T16:42:31.076737 #4527] FATAL -- : 
ActionController::RoutingError (No route matches [GET] "/assets/application-5dad77dc864ef7095e5af200708c1afcfc1bd45e053fe9ed58866f9d5ee4dc16.js"):
  actionpack (4.2.8) lib/action_dispatch/middleware/debug_exceptions.rb:21:in `call'
  actionpack (4.2.8) lib/action_dispatch/middleware/show_exceptions.rb:30:in `call'
  railties (4.2.8) lib/rails/rack/logger.rb:38:in `call_app'
  railties (4.2.8) lib/rails/rack/logger.rb:20:in `block in call'
  activesupport (4.2.8) lib/active_support/tagged_logging.rb:68:in `block in tagged'
  activesupport (4.2.8) lib/active_support/tagged_logging.rb:26:in `tagged'
  activesupport (4.2.8) lib/active_support/tagged_logging.rb:68:in `tagged'
  railties (4.2.8) lib/rails/rack/logger.rb:20:in `call'
  actionpack (4.2.8) lib/action_dispatch/middleware/request_id.rb:21:in `call'
  rack (1.6.13) lib/rack/methodoverride.rb:22:in `call'
  rack (1.6.13) lib/rack/runtime.rb:18:in `call'
  activesupport (4.2.8) lib/active_support/cache/strategy/local_cache_middleware.rb:28:in `call'
  rack (1.6.13) lib/rack/sendfile.rb:113:in `call'
  railties (4.2.8) lib/rails/engine.rb:518:in `call'
  railties (4.2.8) lib/rails/application.rb:165:in `call'
  thin (1.8.1) lib/thin/connection.rb:86:in `block in pre_process'
  thin (1.8.1) lib/thin/connection.rb:84:in `catch'
  thin (1.8.1) lib/thin/connection.rb:84:in `pre_process'
  thin (1.8.1) lib/thin/connection.rb:53:in `process'
  thin (1.8.1) lib/thin/connection.rb:39:in `receive_data'
  eventmachine (1.2.7) lib/eventmachine.rb:195:in `run_machine'
  eventmachine (1.2.7) lib/eventmachine.rb:195:in `run'
  thin (1.8.1) lib/thin/backends/base.rb:75:in `start'
  thin (1.8.1) lib/thin/server.rb:162:in `start'
  thin (1.8.1) lib/thin/controllers/controller.rb:87:in `start'
  thin (1.8.1) lib/thin/runner.rb:203:in `run_command'
  thin (1.8.1) lib/thin/runner.rb:159:in `run!'
  thin (1.8.1) bin/thin:6:in `<top (required)>'
  /home/linmiao/.asdf/installs/ruby/2.5.9/bin/thin:25:in `load'
  /home/linmiao/.asdf/installs/ruby/2.5.9/bin/thin:25:in `<top (required)>'
  bundler (1.17.3) lib/bundler/cli/exec.rb:74:in `load'
  bundler (1.17.3) lib/bundler/cli/exec.rb:74:in `kernel_load'
  bundler (1.17.3) lib/bundler/cli/exec.rb:28:in `run'
  bundler (1.17.3) lib/bundler/cli.rb:463:in `exec'
  bundler (1.17.3) lib/bundler/vendor/thor/lib/thor/command.rb:27:in `run'
  bundler (1.17.3) lib/bundler/vendor/thor/lib/thor/invocation.rb:126:in `invoke_command'
  bundler (1.17.3) lib/bundler/vendor/thor/lib/thor.rb:387:in `dispatch'
  bundler (1.17.3) lib/bundler/cli.rb:27:in `dispatch'
  bundler (1.17.3) lib/bundler/vendor/thor/lib/thor/base.rb:466:in `start'
  bundler (1.17.3) lib/bundler/cli.rb:18:in `start'
  bundler (1.17.3) exe/bundle:30:in `block in <top (required)>'
  bundler (1.17.3) lib/bundler/friendly_errors.rb:124:in `with_friendly_errors'
  bundler (1.17.3) exe/bundle:22:in `<top (required)>'
  /home/linmiao/.asdf/installs/ruby/2.5.9/bin/bundle:25:in `load'
  /home/linmiao/.asdf/installs/ruby/2.5.9/bin/bundle:25:in `<main>'


I, [2022-03-08T16:42:31.279805 #4527]  INFO -- : Started GET "/goods" for 127.0.0.1 at 2022-03-08 16:42:31 +0800
I, [2022-03-08T16:42:31.281411 #4527]  INFO -- : Processing by GoodsController#index as HTML
D, [2022-03-08T16:42:31.283917 #4527] DEBUG -- :   [1m[36mGood Load (0.5ms)[0m  [1mSELECT `goods`.* FROM `goods`[0m
I, [2022-03-08T16:42:31.292595 #4527]  INFO -- :   Rendered goods/index.html.erb within layouts/a (9.7ms)
I, [2022-03-08T16:42:31.293795 #4527]  INFO -- : Completed 200 OK in 12ms (Views: 10.7ms | ActiveRecord: 0.5ms)
I, [2022-03-08T16:42:31.344784 #4527]  INFO -- : Started GET "/assets/application-9434fc5f246ca22f8ec07d7b1b7f953700458a138510e71295a0102bdb717f59.css" for 127.0.0.1 at 2022-03-08 16:42:31 +0800
F, [2022-03-08T16:42:31.346600 #4527] FATAL -- : 
ActionController::RoutingError (No route matches [GET] "/assets/application-9434fc5f246ca22f8ec07d7b1b7f953700458a138510e71295a0102bdb717f59.css"):
  actionpack (4.2.8) lib/action_dispatch/middleware/debug_exceptions.rb:21:in `call'
  actionpack (4.2.8) lib/action_dispatch/middleware/show_exceptions.rb:30:in `call'
  railties (4.2.8) lib/rails/rack/logger.rb:38:in `call_app'
  railties (4.2.8) lib/rails/rack/logger.rb:20:in `block in call'
  activesupport (4.2.8) lib/active_support/tagged_logging.rb:68:in `block in tagged'
  activesupport (4.2.8) lib/active_support/tagged_logging.rb:26:in `tagged'
  activesupport (4.2.8) lib/active_support/tagged_logging.rb:68:in `tagged'
  railties (4.2.8) lib/rails/rack/logger.rb:20:in `call'
  actionpack (4.2.8) lib/action_dispatch/middleware/request_id.rb:21:in `call'
  rack (1.6.13) lib/rack/methodoverride.rb:22:in `call'
  rack (1.6.13) lib/rack/runtime.rb:18:in `call'
  activesupport (4.2.8) lib/active_support/cache/strategy/local_cache_middleware.rb:28:in `call'
  rack (1.6.13) lib/rack/sendfile.rb:113:in `call'
  railties (4.2.8) lib/rails/engine.rb:518:in `call'
  railties (4.2.8) lib/rails/application.rb:165:in `call'
  thin (1.8.1) lib/thin/connection.rb:86:in `block in pre_process'
  thin (1.8.1) lib/thin/connection.rb:84:in `catch'
  thin (1.8.1) lib/thin/connection.rb:84:in `pre_process'
  thin (1.8.1) lib/thin/connection.rb:53:in `process'
  thin (1.8.1) lib/thin/connection.rb:39:in `receive_data'
  eventmachine (1.2.7) lib/eventmachine.rb:195:in `run_machine'
  eventmachine (1.2.7) lib/eventmachine.rb:195:in `run'
  thin (1.8.1) lib/thin/backends/base.rb:75:in `start'
  thin (1.8.1) lib/thin/server.rb:162:in `start'
  thin (1.8.1) lib/thin/controllers/controller.rb:87:in `start'
  thin (1.8.1) lib/thin/runner.rb:203:in `run_command'
  thin (1.8.1) lib/thin/runner.rb:159:in `run!'
  thin (1.8.1) bin/thin:6:in `<top (required)>'
  /home/linmiao/.asdf/installs/ruby/2.5.9/bin/thin:25:in `load'
  /home/linmiao/.asdf/installs/ruby/2.5.9/bin/thin:25:in `<top (required)>'
  bundler (1.17.3) lib/bundler/cli/exec.rb:74:in `load'
  bundler (1.17.3) lib/bundler/cli/exec.rb:74:in `kernel_load'
  bundler (1.17.3) lib/bundler/cli/exec.rb:28:in `run'
  bundler (1.17.3) lib/bundler/cli.rb:463:in `exec'
  bundler (1.17.3) lib/bundler/vendor/thor/lib/thor/command.rb:27:in `run'
  bundler (1.17.3) lib/bundler/vendor/thor/lib/thor/invocation.rb:126:in `invoke_command'
  bundler (1.17.3) lib/bundler/vendor/thor/lib/thor.rb:387:in `dispatch'
  bundler (1.17.3) lib/bundler/cli.rb:27:in `dispatch'
  bundler (1.17.3) lib/bundler/vendor/thor/lib/thor/base.rb:466:in `start'
  bundler (1.17.3) lib/bundler/cli.rb:18:in `start'
  bundler (1.17.3) exe/bundle:30:in `block in <top (required)>'
  bundler (1.17.3) lib/bundler/friendly_errors.rb:124:in `with_friendly_errors'
  bundler (1.17.3) exe/bundle:22:in `<top (required)>'
  /home/linmiao/.asdf/installs/ruby/2.5.9/bin/bundle:25:in `load'
  /home/linmiao/.asdf/installs/ruby/2.5.9/bin/bundle:25:in `<main>'


I, [2022-03-08T16:42:31.347346 #4527]  INFO -- : Started GET "/assets/application-5dad77dc864ef7095e5af200708c1afcfc1bd45e053fe9ed58866f9d5ee4dc16.js" for 127.0.0.1 at 2022-03-08 16:42:31 +0800
F, [2022-03-08T16:42:31.348138 #4527] FATAL -- : 
ActionController::RoutingError (No route matches [GET] "/assets/application-5dad77dc864ef7095e5af200708c1afcfc1bd45e053fe9ed58866f9d5ee4dc16.js"):
  actionpack (4.2.8) lib/action_dispatch/middleware/debug_exceptions.rb:21:in `call'
  actionpack (4.2.8) lib/action_dispatch/middleware/show_exceptions.rb:30:in `call'
  railties (4.2.8) lib/rails/rack/logger.rb:38:in `call_app'
  railties (4.2.8) lib/rails/rack/logger.rb:20:in `block in call'
  activesupport (4.2.8) lib/active_support/tagged_logging.rb:68:in `block in tagged'
  activesupport (4.2.8) lib/active_support/tagged_logging.rb:26:in `tagged'
  activesupport (4.2.8) lib/active_support/tagged_logging.rb:68:in `tagged'
  railties (4.2.8) lib/rails/rack/logger.rb:20:in `call'
  actionpack (4.2.8) lib/action_dispatch/middleware/request_id.rb:21:in `call'
  rack (1.6.13) lib/rack/methodoverride.rb:22:in `call'
  rack (1.6.13) lib/rack/runtime.rb:18:in `call'
  activesupport (4.2.8) lib/active_support/cache/strategy/local_cache_middleware.rb:28:in `call'
  rack (1.6.13) lib/rack/sendfile.rb:113:in `call'
  railties (4.2.8) lib/rails/engine.rb:518:in `call'
  railties (4.2.8) lib/rails/application.rb:165:in `call'
  thin (1.8.1) lib/thin/connection.rb:86:in `block in pre_process'
  thin (1.8.1) lib/thin/connection.rb:84:in `catch'
  thin (1.8.1) lib/thin/connection.rb:84:in `pre_process'
  thin (1.8.1) lib/thin/connection.rb:53:in `process'
  thin (1.8.1) lib/thin/connection.rb:39:in `receive_data'
  eventmachine (1.2.7) lib/eventmachine.rb:195:in `run_machine'
  eventmachine (1.2.7) lib/eventmachine.rb:195:in `run'
  thin (1.8.1) lib/thin/backends/base.rb:75:in `start'
  thin (1.8.1) lib/thin/server.rb:162:in `start'
  thin (1.8.1) lib/thin/controllers/controller.rb:87:in `start'
  thin (1.8.1) lib/thin/runner.rb:203:in `run_command'
  thin (1.8.1) lib/thin/runner.rb:159:in `run!'
  thin (1.8.1) bin/thin:6:in `<top (required)>'
  /home/linmiao/.asdf/installs/ruby/2.5.9/bin/thin:25:in `load'
  /home/linmiao/.asdf/installs/ruby/2.5.9/bin/thin:25:in `<top (required)>'
  bundler (1.17.3) lib/bundler/cli/exec.rb:74:in `load'
  bundler (1.17.3) lib/bundler/cli/exec.rb:74:in `kernel_load'
  bundler (1.17.3) lib/bundler/cli/exec.rb:28:in `run'
  bundler (1.17.3) lib/bundler/cli.rb:463:in `exec'
  bundler (1.17.3) lib/bundler/vendor/thor/lib/thor/command.rb:27:in `run'
  bundler (1.17.3) lib/bundler/vendor/thor/lib/thor/invocation.rb:126:in `invoke_command'
  bundler (1.17.3) lib/bundler/vendor/thor/lib/thor.rb:387:in `dispatch'
  bundler (1.17.3) lib/bundler/cli.rb:27:in `dispatch'
  bundler (1.17.3) lib/bundler/vendor/thor/lib/thor/base.rb:466:in `start'
  bundler (1.17.3) lib/bundler/cli.rb:18:in `start'
  bundler (1.17.3) exe/bundle:30:in `block in <top (required)>'
  bundler (1.17.3) lib/bundler/friendly_errors.rb:124:in `with_friendly_errors'
  bundler (1.17.3) exe/bundle:22:in `<top (required)>'
  /home/linmiao/.asdf/installs/ruby/2.5.9/bin/bundle:25:in `load'
  /home/linmiao/.asdf/installs/ruby/2.5.9/bin/bundle:25:in `<main>'


